mode: set
github.com/gaker/unihedron-sqm/config.go:19.35,20.37 1 1
github.com/gaker/unihedron-sqm/config.go:20.37,22.3 1 1
github.com/gaker/unihedron-sqm/config.go:24.2,24.18 1 1
github.com/gaker/unihedron-sqm/config.go:24.18,26.45 1 1
github.com/gaker/unihedron-sqm/config.go:26.45,28.4 1 1
github.com/gaker/unihedron-sqm/config.go:30.3,30.13 1 1
github.com/gaker/unihedron-sqm/config.go:33.2,33.26 1 1
github.com/gaker/unihedron-sqm/config.go:33.26,35.3 1 1
github.com/gaker/unihedron-sqm/config.go:37.2,37.12 1 1
github.com/gaker/unihedron-sqm/sqm.go:12.39,14.2 1 0
github.com/gaker/unihedron-sqm/sqm.go:18.43,20.2 1 0
github.com/gaker/unihedron-sqm/sqm.go:24.40,25.39 1 1
github.com/gaker/unihedron-sqm/sqm.go:25.39,27.3 1 1
github.com/gaker/unihedron-sqm/sqm.go:29.2,29.20 1 1
github.com/gaker/unihedron-sqm/sqm.go:29.20,31.3 1 1
github.com/gaker/unihedron-sqm/sqm.go:33.2,33.20 1 1
